<?xml version="1.0" encoding="utf-8"?><testsuites name="pytest tests"><testsuite name="pytest" errors="0" failures="0" skipped="0" tests="23" time="66.083" timestamp="2026-04-16T20:53:14.560117+00:00" hostname="agent-env-a7cd592e-ee3a-4286-b9b1-561ab828aec2"><testcase classname="backend.tests.test_forgerun_api.TestHealthEndpoint" name="test_health_returns_ok" time="0.133" /><testcase classname="backend.tests.test_forgerun_api.TestDashboardEndpoint" name="test_dashboard_returns_overview" time="0.126" /><testcase classname="backend.tests.test_forgerun_api.TestArtifactsEndpoints" name="test_list_artifacts" time="0.126" /><testcase classname="backend.tests.test_forgerun_api.TestArtifactsEndpoints" name="test_compile_artifact" time="0.143" /><testcase classname="backend.tests.test_forgerun_api.TestArtifactsEndpoints" name="test_compile_artifact_with_code" time="0.135" /><testcase classname="backend.tests.test_forgerun_api.TestLedgerEndpoints" name="test_get_ledger_events" time="0.432" /><testcase classname="backend.tests.test_forgerun_api.TestLedgerEndpoints" name="test_get_ledger_with_limit" time="0.133" /><testcase classname="backend.tests.test_forgerun_api.TestLedgerEndpoints" name="test_get_ledger_proof" time="0.273" /><testcase classname="backend.tests.test_forgerun_api.TestLedgerEndpoints" name="test_get_proof_not_found" time="0.119" /><testcase classname="backend.tests.test_forgerun_api.TestLedgerEndpoints" name="test_ask_why" time="3.268" /><testcase classname="backend.tests.test_forgerun_api.TestLedgerEndpoints" name="test_ask_why_not_found" time="0.113" /><testcase classname="backend.tests.test_forgerun_api.TestHealingEndpoints" name="test_healing_status" time="0.139" /><testcase classname="backend.tests.test_forgerun_api.TestHealingEndpoints" name="test_trigger_healing" time="9.209" /><testcase classname="backend.tests.test_forgerun_api.TestDeploymentEndpoints" name="test_list_deployments" time="0.170" /><testcase classname="backend.tests.test_forgerun_api.TestDeploymentEndpoints" name="test_deploy_artifact" time="0.301" /><testcase classname="backend.tests.test_forgerun_api.TestDeploymentEndpoints" name="test_deploy_invalid_artifact" time="0.121" /><testcase classname="backend.tests.test_forgerun_api.TestMetricsEndpoint" name="test_get_metrics" time="0.117" /><testcase classname="backend.tests.test_new_features.TestLLMConfig" name="test_llm_config_returns_live_mode" time="0.115" /><testcase classname="backend.tests.test_new_features.TestHealingTriggerWithLLM" name="test_healing_trigger_returns_llm_mode_live" time="8.993" /><testcase classname="backend.tests.test_new_features.TestAskWhyWithLLM" name="test_ask_why_returns_llm_mode_live" time="5.039" /><testcase classname="backend.tests.test_new_features.TestVibeToCode" name="test_vibe_to_code_generates_files" time="17.907" /><testcase classname="backend.tests.test_new_features.TestVibeToCode" name="test_vibe_to_code_different_framework" time="18.445" /><testcase classname="backend.tests.test_new_features.TestWebSocket" name="test_websocket_ping_pong" time="0.448" /></testsuite></testsuites>