<?xml version="1.0" encoding="utf-8"?><testsuites name="pytest tests"><testsuite name="pytest" errors="0" failures="0" skipped="0" tests="17" time="3.758" timestamp="2026-04-16T20:10:47.661959+00:00" hostname="agent-env-a7cd592e-ee3a-4286-b9b1-561ab828aec2"><testcase classname="backend.tests.test_forgerun_api.TestHealthEndpoint" name="test_health_returns_ok" time="0.265" /><testcase classname="backend.tests.test_forgerun_api.TestDashboardEndpoint" name="test_dashboard_returns_overview" time="0.227" /><testcase classname="backend.tests.test_forgerun_api.TestArtifactsEndpoints" name="test_list_artifacts" time="0.148" /><testcase classname="backend.tests.test_forgerun_api.TestArtifactsEndpoints" name="test_compile_artifact" time="0.159" /><testcase classname="backend.tests.test_forgerun_api.TestArtifactsEndpoints" name="test_compile_artifact_with_code" time="0.158" /><testcase classname="backend.tests.test_forgerun_api.TestLedgerEndpoints" name="test_get_ledger_events" time="0.166" /><testcase classname="backend.tests.test_forgerun_api.TestLedgerEndpoints" name="test_get_ledger_with_limit" time="0.300" /><testcase classname="backend.tests.test_forgerun_api.TestLedgerEndpoints" name="test_get_ledger_proof" time="0.315" /><testcase classname="backend.tests.test_forgerun_api.TestLedgerEndpoints" name="test_get_proof_not_found" time="0.160" /><testcase classname="backend.tests.test_forgerun_api.TestLedgerEndpoints" name="test_ask_why" time="0.263" /><testcase classname="backend.tests.test_forgerun_api.TestLedgerEndpoints" name="test_ask_why_not_found" time="0.156" /><testcase classname="backend.tests.test_forgerun_api.TestHealingEndpoints" name="test_healing_status" time="0.160" /><testcase classname="backend.tests.test_forgerun_api.TestHealingEndpoints" name="test_trigger_healing" time="0.165" /><testcase classname="backend.tests.test_forgerun_api.TestDeploymentEndpoints" name="test_list_deployments" time="0.309" /><testcase classname="backend.tests.test_forgerun_api.TestDeploymentEndpoints" name="test_deploy_artifact" time="0.389" /><testcase classname="backend.tests.test_forgerun_api.TestDeploymentEndpoints" name="test_deploy_invalid_artifact" time="0.122" /><testcase classname="backend.tests.test_forgerun_api.TestMetricsEndpoint" name="test_get_metrics" time="0.140" /></testsuite></testsuites>