<?xml version="1.0" encoding="utf-8"?><testsuites name="pytest tests"><testsuite name="pytest" errors="0" failures="0" skipped="0" tests="6" time="48.888" timestamp="2026-04-16T20:28:01.143516+00:00" hostname="agent-env-a7cd592e-ee3a-4286-b9b1-561ab828aec2"><testcase classname="backend.tests.test_new_features.TestLLMConfig" name="test_llm_config_returns_live_mode" time="0.228" /><testcase classname="backend.tests.test_new_features.TestHealingTriggerWithLLM" name="test_healing_trigger_returns_llm_mode_live" time="7.276" /><testcase classname="backend.tests.test_new_features.TestAskWhyWithLLM" name="test_ask_why_returns_llm_mode_live" time="3.657" /><testcase classname="backend.tests.test_new_features.TestVibeToCode" name="test_vibe_to_code_generates_files" time="17.611" /><testcase classname="backend.tests.test_new_features.TestVibeToCode" name="test_vibe_to_code_different_framework" time="19.735" /><testcase classname="backend.tests.test_new_features.TestWebSocket" name="test_websocket_ping_pong" time="0.315" /></testsuite></testsuites>